<?xml version="1.0" encoding="utf-8"?><testsuites name="pytest tests"><testsuite name="pytest" errors="0" failures="0" skipped="0" tests="17" time="4.820" timestamp="2026-02-24T19:22:59.806517+00:00" hostname="agent-env-e33f4f19-c22e-4775-a5b0-f79953ed437d"><testcase classname="backend.tests.test_reports_api.TestAuthentication" name="test_owner_login_success" time="0.529" /><testcase classname="backend.tests.test_reports_api.TestAuthentication" name="test_manager_login_success" time="0.386" /><testcase classname="backend.tests.test_reports_api.TestWeeklyReportEndpoint" name="test_weekly_report_returns_200_for_owner" time="0.585" /><testcase classname="backend.tests.test_reports_api.TestWeeklyReportEndpoint" name="test_weekly_report_structure" time="0.218" /><testcase classname="backend.tests.test_reports_api.TestWeeklyReportEndpoint" name="test_weekly_report_transaction_structure" time="0.168" /><testcase classname="backend.tests.test_reports_api.TestWeeklyReportEndpoint" name="test_weekly_report_forbidden_for_manager" time="0.619" /><testcase classname="backend.tests.test_reports_api.TestWeeklyReportEndpoint" name="test_weekly_report_requires_auth" time="0.139" /><testcase classname="backend.tests.test_reports_api.TestDailyReportEndpoint" name="test_daily_report_returns_200_for_owner" time="0.177" /><testcase classname="backend.tests.test_reports_api.TestDailyReportEndpoint" name="test_daily_report_structure" time="0.162" /><testcase classname="backend.tests.test_reports_api.TestDailyReportEndpoint" name="test_daily_report_transaction_details" time="0.339" /><testcase classname="backend.tests.test_reports_api.TestDailyReportEndpoint" name="test_daily_report_forbidden_for_manager" time="0.499" /><testcase classname="backend.tests.test_reports_api.TestDailyReportEndpoint" name="test_daily_report_invalid_date_format" time="0.137" /><testcase classname="backend.tests.test_reports_api.TestDailyReportEndpoint" name="test_daily_report_past_date" time="0.151" /><testcase classname="backend.tests.test_reports_api.TestReportDataConsistency" name="test_weekly_summary_matches_transactions" time="0.157" /><testcase classname="backend.tests.test_reports_api.TestReportDataConsistency" name="test_by_type_counts_sum_to_total" time="0.115" /><testcase classname="backend.tests.test_reports_api.TestReportDataConsistency" name="test_by_user_counts_sum_to_total" time="0.127" /><testcase classname="backend.tests.test_reports_api.TestReportDataConsistency" name="test_by_date_counts_sum_to_total" time="0.117" /></testsuite></testsuites>