<?xml version="1.0" encoding="utf-8"?><testsuites name="pytest tests"><testsuite name="pytest" errors="0" failures="0" skipped="0" tests="9" time="3.805" timestamp="2026-02-25T15:12:14.518632+00:00" hostname="agent-env-e33f4f19-c22e-4775-a5b0-f79953ed437d"><testcase classname="backend.tests.test_cartons_feature.TestCartonFeatureBackend" name="test_finished_products_have_carton_stock_field" time="0.713" /><testcase classname="backend.tests.test_cartons_feature.TestCartonFeatureBackend" name="test_manager_add_cartons_endpoint" time="0.896" /><testcase classname="backend.tests.test_cartons_feature.TestCartonFeatureBackend" name="test_owner_cannot_add_cartons" time="0.365" /><testcase classname="backend.tests.test_cartons_feature.TestCartonFeatureBackend" name="test_pack_finished_goods_with_cartons" time="0.233" /><testcase classname="backend.tests.test_cartons_feature.TestRawMaterialsDisplay" name="test_all_raw_materials_returned" time="0.137" /><testcase classname="backend.tests.test_cartons_feature.TestRawMaterialsDisplay" name="test_raw_materials_have_required_fields" time="0.128" /><testcase classname="backend.tests.test_cartons_feature.TestAccessControl" name="test_manager_can_add_cartons" time="0.347" /><testcase classname="backend.tests.test_cartons_feature.TestAccessControl" name="test_owner_sees_all_stock_types" time="0.514" /><testcase classname="backend.tests.test_cartons_feature.TestCartonPersistence" name="test_add_cartons_persists" time="0.405" /></testsuite></testsuites>