<?xml version="1.0" encoding="utf-8"?><testsuites name="pytest tests"><testsuite name="pytest" errors="0" failures="2" skipped="0" tests="20" time="3.509" timestamp="2026-02-25T14:28:07.079000+00:00" hostname="agent-env-e33f4f19-c22e-4775-a5b0-f79953ed437d"><testcase classname="test_intermediate_goods_and_edit_finished.TestEditFinishedProduct" name="test_get_finished_products_list" time="0.729" /><testcase classname="test_intermediate_goods_and_edit_finished.TestEditFinishedProduct" name="test_edit_finished_product_success" time="0.233" /><testcase classname="test_intermediate_goods_and_edit_finished.TestEditFinishedProduct" name="test_edit_finished_product_manager_forbidden" time="0.366" /><testcase classname="test_intermediate_goods_and_edit_finished.TestEditFinishedProduct" name="test_edit_nonexistent_product_returns_404" time="0.075" /><testcase classname="test_intermediate_goods_and_edit_finished.TestIntermediateGoodsCRUD" name="test_get_intermediate_goods" time="0.074" /><testcase classname="test_intermediate_goods_and_edit_finished.TestIntermediateGoodsCRUD" name="test_get_intermediate_recipes" time="0.078" /><testcase classname="test_intermediate_goods_and_edit_finished.TestIntermediateGoodsCRUD" name="test_add_intermediate_good_success" time="0.150" /><testcase classname="test_intermediate_goods_and_edit_finished.TestIntermediateGoodsCRUD" name="test_add_duplicate_intermediate_good_fails" time="0.128" /><testcase classname="test_intermediate_goods_and_edit_finished.TestIntermediateGoodsCRUD" name="test_add_intermediate_good_manager_forbidden" time="0.092" /><testcase classname="test_intermediate_goods_and_edit_finished.TestIntermediateGoodsCRUD" name="test_delete_intermediate_good_manager_forbidden" time="0.080" /><testcase classname="test_intermediate_goods_and_edit_finished.TestIntermediateRecipes" name="test_set_intermediate_recipe_success" time="0.253" /><testcase classname="test_intermediate_goods_and_edit_finished.TestIntermediateRecipes" name="test_set_recipe_nonexistent_intermediate_good" time="0.059" /><testcase classname="test_intermediate_goods_and_edit_finished.TestIntermediateRecipes" name="test_set_recipe_invalid_raw_material" time="0.137" /><testcase classname="test_intermediate_goods_and_edit_finished.TestIntermediateRecipes" name="test_set_recipe_manager_forbidden" time="0.063" /><testcase classname="test_intermediate_goods_and_edit_finished.TestManufactureIntermediateGood" name="test_manufacture_intermediate_good_success" time="0.292"><failure message="assert 403 == 400&#10; +  where 403 = &lt;Response [403]&gt;.status_code">test_intermediate_goods_and_edit_finished.py:331: in test_manufacture_intermediate_good_success
    assert response.status_code == 400
E   assert 403 == 400
E    +  where 403 = &lt;Response [403]&gt;.status_code</failure></testcase><testcase classname="test_intermediate_goods_and_edit_finished.TestManufactureIntermediateGood" name="test_manufacture_without_recipe_fails" time="0.216"><failure message="assert 403 == 400&#10; +  where 403 = &lt;Response [403]&gt;.status_code">test_intermediate_goods_and_edit_finished.py:364: in test_manufacture_without_recipe_fails
    assert response.status_code == 400
E   assert 403 == 400
E    +  where 403 = &lt;Response [403]&gt;.status_code</failure></testcase><testcase classname="test_intermediate_goods_and_edit_finished.TestManufactureIntermediateGood" name="test_manufacture_owner_forbidden" time="0.072" /><testcase classname="test_intermediate_goods_and_edit_finished.TestManufactureIntermediateGood" name="test_manufacture_nonexistent_good_fails" time="0.069" /><testcase classname="test_intermediate_goods_and_edit_finished.TestIntermediateGoodsIntegration" name="test_intermediate_goods_available_as_raw_materials" time="0.128" /><testcase classname="test_intermediate_goods_and_edit_finished.TestIntermediateGoodsIntegration" name="test_verify_vi_recipe_structure" time="0.063" /></testsuite></testsuites>