<?xml version="1.0" encoding="utf-8"?><testsuites name="pytest tests"><testsuite name="pytest" errors="0" failures="0" skipped="0" tests="20" time="11.841" timestamp="2026-02-25T14:28:27.309467+00:00" hostname="agent-env-e33f4f19-c22e-4775-a5b0-f79953ed437d"><testcase classname="test_intermediate_goods_and_edit_finished.TestEditFinishedProduct" name="test_get_finished_products_list" time="0.676" /><testcase classname="test_intermediate_goods_and_edit_finished.TestEditFinishedProduct" name="test_edit_finished_product_success" time="0.629" /><testcase classname="test_intermediate_goods_and_edit_finished.TestEditFinishedProduct" name="test_edit_finished_product_manager_forbidden" time="0.577" /><testcase classname="test_intermediate_goods_and_edit_finished.TestEditFinishedProduct" name="test_edit_nonexistent_product_returns_404" time="0.486" /><testcase classname="test_intermediate_goods_and_edit_finished.TestIntermediateGoodsCRUD" name="test_get_intermediate_goods" time="0.500" /><testcase classname="test_intermediate_goods_and_edit_finished.TestIntermediateGoodsCRUD" name="test_get_intermediate_recipes" time="0.496" /><testcase classname="test_intermediate_goods_and_edit_finished.TestIntermediateGoodsCRUD" name="test_add_intermediate_good_success" time="0.537" /><testcase classname="test_intermediate_goods_and_edit_finished.TestIntermediateGoodsCRUD" name="test_add_duplicate_intermediate_good_fails" time="0.543" /><testcase classname="test_intermediate_goods_and_edit_finished.TestIntermediateGoodsCRUD" name="test_add_intermediate_good_manager_forbidden" time="0.430" /><testcase classname="test_intermediate_goods_and_edit_finished.TestIntermediateGoodsCRUD" name="test_delete_intermediate_good_manager_forbidden" time="0.490" /><testcase classname="test_intermediate_goods_and_edit_finished.TestIntermediateRecipes" name="test_set_intermediate_recipe_success" time="0.560" /><testcase classname="test_intermediate_goods_and_edit_finished.TestIntermediateRecipes" name="test_set_recipe_nonexistent_intermediate_good" time="0.443" /><testcase classname="test_intermediate_goods_and_edit_finished.TestIntermediateRecipes" name="test_set_recipe_invalid_raw_material" time="0.614" /><testcase classname="test_intermediate_goods_and_edit_finished.TestIntermediateRecipes" name="test_set_recipe_manager_forbidden" time="0.590" /><testcase classname="test_intermediate_goods_and_edit_finished.TestManufactureIntermediateGood" name="test_manufacture_intermediate_good_success" time="1.068" /><testcase classname="test_intermediate_goods_and_edit_finished.TestManufactureIntermediateGood" name="test_manufacture_without_recipe_fails" time="1.003" /><testcase classname="test_intermediate_goods_and_edit_finished.TestManufactureIntermediateGood" name="test_manufacture_owner_forbidden" time="0.569" /><testcase classname="test_intermediate_goods_and_edit_finished.TestManufactureIntermediateGood" name="test_manufacture_nonexistent_good_fails" time="0.549" /><testcase classname="test_intermediate_goods_and_edit_finished.TestIntermediateGoodsIntegration" name="test_intermediate_goods_available_as_raw_materials" time="0.504" /><testcase classname="test_intermediate_goods_and_edit_finished.TestIntermediateGoodsIntegration" name="test_verify_vi_recipe_structure" time="0.480" /></testsuite></testsuites>